{"total": {"lines":{"total":409,"covered":256,"skipped":0,"pct":62.59},"statements":{"total":409,"covered":256,"skipped":0,"pct":62.59},"functions":{"total":26,"covered":15,"skipped":0,"pct":57.69},"branches":{"total":47,"covered":35,"skipped":0,"pct":74.46},"branchesTrue":{"total":0,"covered":0,"skipped":0,"pct":100}}
,"C:\\Users\\emanu\\strajk-bowling\\src\\App.jsx": {"lines":{"total":10,"covered":0,"skipped":0,"pct":0},"functions":{"total":1,"covered":0,"skipped":0,"pct":0},"statements":{"total":10,"covered":0,"skipped":0,"pct":0},"branches":{"total":1,"covered":0,"skipped":0,"pct":0}}
,"C:\\Users\\emanu\\strajk-bowling\\src\\main.jsx": {"lines":{"total":9,"covered":0,"skipped":0,"pct":0},"functions":{"total":1,"covered":0,"skipped":0,"pct":0},"statements":{"total":9,"covered":0,"skipped":0,"pct":0},"branches":{"total":1,"covered":0,"skipped":0,"pct":0}}
,"C:\\Users\\emanu\\strajk-bowling\\src\\router.jsx": {"lines":{"total":14,"covered":0,"skipped":0,"pct":0},"functions":{"total":1,"covered":0,"skipped":0,"pct":0},"statements":{"total":14,"covered":0,"skipped":0,"pct":0},"branches":{"total":1,"covered":0,"skipped":0,"pct":0}}
,"C:\\Users\\emanu\\strajk-bowling\\src\\__mocks__\\handlers.js": {"lines":{"total":39,"covered":11,"skipped":0,"pct":28.2},"functions":{"total":0,"covered":0,"skipped":0,"pct":100},"statements":{"total":39,"covered":11,"skipped":0,"pct":28.2},"branches":{"total":0,"covered":0,"skipped":0,"pct":100}}
,"C:\\Users\\emanu\\strajk-bowling\\src\\__mocks__\\server.js": {"lines":{"total":4,"covered":4,"skipped":0,"pct":100},"functions":{"total":0,"covered":0,"skipped":0,"pct":100},"statements":{"total":4,"covered":4,"skipped":0,"pct":100},"branches":{"total":0,"covered":0,"skipped":0,"pct":100}}
,"C:\\Users\\emanu\\strajk-bowling\\src\\components\\BookingInfo\\BookingInfo.jsx": {"lines":{"total":48,"covered":48,"skipped":0,"pct":100},"functions":{"total":1,"covered":1,"skipped":0,"pct":100},"statements":{"total":48,"covered":48,"skipped":0,"pct":100},"branches":{"total":1,"covered":1,"skipped":0,"pct":100}}
,"C:\\Users\\emanu\\strajk-bowling\\src\\components\\ErrorMessage\\ErrorMessage.jsx": {"lines":{"total":8,"covered":8,"skipped":0,"pct":100},"functions":{"total":1,"covered":1,"skipped":0,"pct":100},"statements":{"total":8,"covered":8,"skipped":0,"pct":100},"branches":{"total":1,"covered":1,"skipped":0,"pct":100}}
,"C:\\Users\\emanu\\strajk-bowling\\src\\components\\Input\\Input.jsx": {"lines":{"total":27,"covered":27,"skipped":0,"pct":100},"functions":{"total":1,"covered":1,"skipped":0,"pct":100},"statements":{"total":27,"covered":27,"skipped":0,"pct":100},"branches":{"total":4,"covered":3,"skipped":0,"pct":75}}
,"C:\\Users\\emanu\\strajk-bowling\\src\\components\\Navigation\\Navigation.jsx": {"lines":{"total":18,"covered":18,"skipped":0,"pct":100},"functions":{"total":4,"covered":1,"skipped":0,"pct":25},"statements":{"total":18,"covered":18,"skipped":0,"pct":100},"branches":{"total":4,"covered":1,"skipped":0,"pct":25}}
,"C:\\Users\\emanu\\strajk-bowling\\src\\components\\Shoes\\Shoes.jsx": {"lines":{"total":42,"covered":40,"skipped":0,"pct":95.23},"functions":{"total":3,"covered":2,"skipped":0,"pct":66.66},"statements":{"total":42,"covered":40,"skipped":0,"pct":95.23},"branches":{"total":3,"covered":3,"skipped":0,"pct":100}}
,"C:\\Users\\emanu\\strajk-bowling\\src\\components\\Top\\Top.jsx": {"lines":{"total":10,"covered":10,"skipped":0,"pct":100},"functions":{"total":1,"covered":1,"skipped":0,"pct":100},"statements":{"total":10,"covered":10,"skipped":0,"pct":100},"branches":{"total":1,"covered":1,"skipped":0,"pct":100}}
,"C:\\Users\\emanu\\strajk-bowling\\src\\views\\Booking.jsx": {"lines":{"total":125,"covered":90,"skipped":0,"pct":72},"functions":{"total":11,"covered":8,"skipped":0,"pct":72.72},"statements":{"total":125,"covered":90,"skipped":0,"pct":72},"branches":{"total":29,"covered":25,"skipped":0,"pct":86.2}}
,"C:\\Users\\emanu\\strajk-bowling\\src\\views\\Confirmation.jsx": {"lines":{"total":55,"covered":0,"skipped":0,"pct":0},"functions":{"total":1,"covered":0,"skipped":0,"pct":0},"statements":{"total":55,"covered":0,"skipped":0,"pct":0},"branches":{"total":1,"covered":0,"skipped":0,"pct":0}}
}
