TN:
SF:src\App.jsx
FN:1,(empty-report)
FNF:1
FNH:0
FNDA:0,(empty-report)
DA:1,0
DA:2,0
DA:4,0
DA:6,0
DA:8,0
DA:9,0
DA:10,0
DA:11,0
DA:13,0
DA:15,0
LF:10
LH:0
BRDA:1,0,0,0
BRF:1
BRH:0
end_of_record
TN:
SF:src\main.jsx
FN:1,(empty-report)
FNF:1
FNH:0
FNDA:0,(empty-report)
DA:1,0
DA:2,0
DA:3,0
DA:4,0
DA:6,0
DA:7,0
DA:8,0
DA:9,0
DA:10,0
LF:9
LH:0
BRDA:1,0,0,0
BRF:1
BRH:0
end_of_record
TN:
SF:src\router.jsx
FN:1,(empty-report)
FNF:1
FNH:0
FNDA:0,(empty-report)
DA:1,0
DA:3,0
DA:4,0
DA:6,0
DA:7,0
DA:8,0
DA:9,0
DA:10,0
DA:11,0
DA:12,0
DA:13,0
DA:14,0
DA:15,0
DA:17,0
LF:14
LH:0
BRDA:1,0,0,0
BRF:1
BRH:0
end_of_record
TN:
SF:src\__mocks__\handlers.js
FNF:0
FNH:0
DA:1,1
DA:2,1
DA:3,1
DA:4,1
DA:5,1
DA:6,1
DA:7,3
DA:8,3
DA:9,3
DA:10,3
DA:11,3
DA:12,3
DA:13,3
DA:14,3
DA:15,3
DA:16,3
DA:17,3
DA:18,3
DA:19,3
DA:20,3
DA:21,3
DA:22,3
DA:23,3
DA:24,3
DA:25,3
DA:26,1
DA:27,1
DA:28,1
DA:29,0
DA:30,0
DA:31,0
DA:32,0
DA:33,0
DA:34,0
DA:35,0
DA:36,1
DA:37,1
LF:37
LH:30
BRDA:6,0,0,3
BRDA:11,1,0,0
BRDA:11,2,0,0
BRDA:19,3,0,0
BRF:4
BRH:1
end_of_record
TN:
SF:src\__mocks__\server.js
FNF:0
FNH:0
DA:1,1
DA:2,1
DA:3,1
DA:4,1
LF:4
LH:4
BRF:0
BRH:0
end_of_record
TN:
SF:src\components\BookingInfo\BookingInfo.jsx
FN:5,BookingInfo
FNF:1
FNH:1
FNDA:101,BookingInfo
DA:1,1
DA:3,1
DA:5,101
DA:6,101
DA:7,101
DA:8,101
DA:9,101
DA:10,101
DA:11,101
DA:12,101
DA:13,101
DA:14,101
DA:15,101
DA:16,101
DA:17,101
DA:18,101
DA:19,101
DA:20,101
DA:21,101
DA:22,101
DA:23,101
DA:24,101
DA:25,101
DA:26,101
DA:27,101
DA:28,101
DA:29,101
DA:30,101
DA:31,101
DA:32,101
DA:33,101
DA:34,101
DA:35,101
DA:36,101
DA:37,101
DA:38,101
DA:39,101
DA:40,101
DA:41,101
DA:42,101
DA:43,101
DA:44,101
DA:45,101
DA:46,101
DA:47,101
DA:48,101
DA:50,101
DA:52,1
LF:48
LH:48
BRDA:5,0,0,101
BRF:1
BRH:1
end_of_record
TN:
SF:src\components\ErrorMessage\ErrorMessage.jsx
FN:3,ErrorMessage
FNF:1
FNH:1
FNDA:5,ErrorMessage
DA:1,1
DA:3,5
DA:4,5
DA:5,5
DA:6,5
DA:7,5
DA:9,5
DA:11,1
LF:8
LH:8
BRDA:3,0,0,5
BRF:1
BRH:1
end_of_record
TN:
SF:src\components\Input\Input.jsx
FN:3,Input
FNF:1
FNH:1
FNDA:685,Input
DA:1,1
DA:3,685
DA:4,685
DA:5,685
DA:6,685
DA:7,685
DA:8,685
DA:9,685
DA:10,685
DA:11,685
DA:12,685
DA:13,685
DA:14,685
DA:15,685
DA:16,685
DA:17,685
DA:18,685
DA:19,685
DA:20,685
DA:21,685
DA:22,685
DA:23,685
DA:24,685
DA:25,685
DA:26,685
DA:28,685
DA:30,1
LF:27
LH:27
BRDA:3,0,0,685
BRDA:18,1,0,584
BRDA:18,2,0,101
BRDA:22,3,0,12
BRDA:22,4,0,673
BRF:5
BRH:5
end_of_record
TN:
SF:src\components\Navigation\Navigation.jsx
FN:6,Navigation
FN:13,onClick
FN:15,onClick
FN:17,onClick
FNF:4
FNH:1
FNDA:101,Navigation
FNDA:0,onClick
FNDA:0,onClick
FNDA:0,onClick
DA:1,1
DA:2,1
DA:3,1
DA:4,1
DA:6,101
DA:7,101
DA:8,101
DA:10,101
DA:11,101
DA:12,101
DA:13,101
DA:14,101
DA:15,101
DA:16,101
DA:17,101
DA:18,101
DA:20,101
DA:22,1
LF:18
LH:18
BRDA:6,0,0,101
BRDA:11,1,0,0
BRDA:14,2,0,0
BRDA:16,3,0,0
BRF:4
BRH:1
end_of_record
TN:
SF:src\components\Shoes\Shoes.jsx
FN:6,Shoes
FN:21,onClick
FN:41,onClick
FNF:3
FNH:3
FNDA:102,Shoes
FNDA:1,onClick
FNDA:35,onClick
DA:1,1
DA:2,1
DA:4,1
DA:6,102
DA:7,102
DA:8,269
DA:9,269
DA:10,269
DA:11,269
DA:12,269
DA:13,269
DA:14,269
DA:15,269
DA:16,269
DA:17,269
DA:18,269
DA:19,269
DA:20,269
DA:21,269
DA:22,1
DA:23,1
DA:24,269
DA:26,269
DA:27,269
DA:30,269
DA:31,102
DA:33,102
DA:34,102
DA:35,102
DA:36,102
DA:37,102
DA:38,102
DA:39,102
DA:40,102
DA:41,102
DA:42,35
DA:43,35
DA:44,102
DA:46,102
DA:47,102
DA:49,102
DA:51,1
LF:42
LH:42
BRDA:6,0,0,102
BRDA:7,1,0,269
BRDA:21,2,0,1
BRDA:41,3,0,35
BRF:4
BRH:4
end_of_record
TN:
SF:src\components\Top\Top.jsx
FN:4,Top
FNF:1
FNH:1
FNDA:101,Top
DA:1,1
DA:2,1
DA:4,101
DA:5,101
DA:6,101
DA:7,101
DA:8,101
DA:9,101
DA:11,101
DA:13,1
LF:10
LH:10
BRDA:4,0,0,101
BRF:1
BRH:1
end_of_record
TN:
SF:src\views\Booking.jsx
FN:11,Booking
FN:22,updateBookingDetails
FN:32,updateSize
FN:45,addShoe
FN:51,removeShoe
FN:57,isShoeSizesFilled
FN:65,checkPlayersAndLanes
FN:74,sendBooking
FN:90,comparePeopleAndShoes
FN:94,saveConfirmation
FN:102,book
FNF:11
FNH:10
FNDA:98,Booking
FNDA:31,updateBookingDetails
FNDA:25,updateSize
FNDA:28,addShoe
FNDA:0,removeShoe
FNDA:6,isShoeSizesFilled
FNDA:4,checkPlayersAndLanes
FNDA:3,sendBooking
FNDA:7,comparePeopleAndShoes
FNDA:3,saveConfirmation
FNDA:8,book
DA:1,1
DA:2,1
DA:3,1
DA:5,1
DA:6,1
DA:7,1
DA:8,1
DA:9,1
DA:11,98
DA:12,98
DA:13,98
DA:14,98
DA:15,98
DA:16,98
DA:17,98
DA:18,98
DA:19,98
DA:20,98
DA:22,98
DA:23,31
DA:24,31
DA:26,31
DA:27,31
DA:28,31
DA:29,31
DA:30,31
DA:32,98
DA:33,25
DA:34,25
DA:36,25
DA:37,25
DA:38,25
DA:39,95
DA:40,25
DA:41,25
DA:42,25
DA:43,25
DA:45,98
DA:46,28
DA:48,28
DA:49,28
DA:51,98
DA:52,0
DA:54,0
DA:55,0
DA:57,98
DA:58,6
DA:60,6
DA:62,6
DA:63,6
DA:65,98
DA:66,4
DA:67,4
DA:69,4
DA:71,1
DA:72,4
DA:74,98
DA:75,3
DA:76,3
DA:77,3
DA:78,3
DA:79,3
DA:80,3
DA:81,3
DA:82,3
DA:83,3
DA:84,3
DA:85,3
DA:87,3
DA:88,3
DA:90,98
DA:91,7
DA:92,7
DA:94,98
DA:95,3
DA:96,3
DA:98,3
DA:99,3
DA:100,3
DA:102,98
DA:103,8
DA:105,8
DA:106,1
DA:107,7
DA:108,1
DA:109,7
DA:110,2
DA:111,6
DA:112,1
DA:113,1
DA:116,8
DA:117,5
DA:118,5
DA:119,5
DA:121,3
DA:122,3
DA:123,3
DA:124,3
DA:125,3
DA:126,3
DA:128,3
DA:130,3
DA:132,3
DA:133,3
DA:135,3
DA:136,3
DA:137,3
DA:138,8
DA:140,98
DA:141,98
DA:142,98
DA:143,98
DA:144,98
DA:145,98
DA:146,98
DA:147,98
DA:148,98
DA:149,98
DA:150,98
DA:151,98
DA:153,98
DA:154,98
DA:155,98
DA:157,98
DA:159,1
LF:125
LH:122
BRDA:11,0,0,98
BRDA:154,1,0,5
BRDA:154,2,0,93
BRDA:22,3,0,31
BRDA:26,4,0,31
BRDA:32,5,0,25
BRDA:36,6,0,0
BRDA:37,7,0,25
BRDA:38,8,0,95
BRDA:39,9,0,25
BRDA:39,10,0,70
BRDA:45,11,0,28
BRDA:57,12,0,6
BRDA:60,13,0,20
BRDA:60,14,0,18
BRDA:60,15,0,2
BRDA:65,16,0,4
BRDA:69,17,0,3
BRDA:69,18,0,1
BRDA:74,19,0,3
BRDA:90,20,0,7
BRDA:94,21,0,3
BRDA:95,22,0,3
BRDA:102,23,0,8
BRDA:105,24,0,7
BRDA:105,25,0,7
BRDA:105,26,0,7
BRDA:105,27,0,7
BRDA:105,28,0,1
BRDA:107,29,0,1
BRDA:109,30,0,6
BRDA:109,31,0,2
BRDA:111,32,0,4
BRDA:111,33,0,1
BRDA:116,34,0,5
BRDA:119,35,0,3
BRDA:125,36,0,9
BRF:37
BRH:36
end_of_record
TN:
SF:src\views\Confirmation.jsx
FN:8,Confirmation
FNF:1
FNH:1
FNDA:3,Confirmation
DA:1,1
DA:2,1
DA:4,1
DA:5,1
DA:6,1
DA:8,3
DA:9,3
DA:11,3
DA:12,3
DA:13,1
DA:15,3
DA:16,3
DA:17,3
DA:18,3
DA:19,3
DA:20,3
DA:21,3
DA:22,3
DA:23,3
DA:24,3
DA:25,3
DA:26,3
DA:27,3
DA:28,3
DA:29,3
DA:30,3
DA:31,3
DA:32,3
DA:33,3
DA:34,3
DA:35,3
DA:36,3
DA:37,3
DA:38,3
DA:39,3
DA:40,3
DA:41,3
DA:42,3
DA:43,3
DA:44,3
DA:45,3
DA:46,3
DA:47,3
DA:48,3
DA:49,3
DA:50,3
DA:51,3
DA:52,3
DA:53,3
DA:54,3
DA:55,3
DA:56,3
DA:57,3
DA:59,3
DA:60,3
DA:62,0
DA:64,3
DA:66,3
DA:68,1
LF:59
LH:58
BRDA:8,0,0,3
BRDA:12,1,0,2
BRDA:12,2,0,1
BRDA:19,3,0,1
BRDA:60,4,0,0
BRF:5
BRH:4
end_of_record
