TN:
SF:src\App.jsx
FN:1,(empty-report)
FNF:1
FNH:0
FNDA:0,(empty-report)
DA:1,0
DA:2,0
DA:4,0
DA:6,0
DA:8,0
DA:9,0
DA:10,0
DA:11,0
DA:13,0
DA:15,0
LF:10
LH:0
BRDA:1,0,0,0
BRF:1
BRH:0
end_of_record
TN:
SF:src\main.jsx
FN:1,(empty-report)
FNF:1
FNH:0
FNDA:0,(empty-report)
DA:1,0
DA:2,0
DA:3,0
DA:4,0
DA:6,0
DA:7,0
DA:8,0
DA:9,0
DA:10,0
LF:9
LH:0
BRDA:1,0,0,0
BRF:1
BRH:0
end_of_record
TN:
SF:src\router.jsx
FN:1,(empty-report)
FNF:1
FNH:0
FNDA:0,(empty-report)
DA:1,0
DA:3,0
DA:4,0
DA:6,0
DA:7,0
DA:8,0
DA:9,0
DA:10,0
DA:11,0
DA:12,0
DA:13,0
DA:14,0
DA:15,0
DA:17,0
LF:14
LH:0
BRDA:1,0,0,0
BRF:1
BRH:0
end_of_record
TN:
SF:src\__mocks__\handlers.js
FNF:0
FNH:0
DA:1,1
DA:2,1
DA:3,1
DA:4,1
DA:5,1
DA:6,1
DA:7,4
DA:8,4
DA:9,4
DA:10,4
DA:11,4
DA:12,4
DA:13,4
DA:14,4
DA:15,4
DA:16,4
DA:17,4
DA:18,4
DA:19,4
DA:20,4
DA:21,4
DA:22,4
DA:23,4
DA:24,4
DA:25,4
DA:26,1
DA:27,1
DA:28,1
DA:29,0
DA:30,0
DA:31,0
DA:32,0
DA:33,0
DA:34,0
DA:35,0
DA:36,1
DA:37,1
LF:37
LH:30
BRDA:6,0,0,4
BRDA:11,1,0,0
BRDA:11,2,0,0
BRDA:19,3,0,0
BRF:4
BRH:1
end_of_record
TN:
SF:src\__mocks__\server.js
FNF:0
FNH:0
DA:1,1
DA:2,1
DA:3,1
DA:4,1
LF:4
LH:4
BRF:0
BRH:0
end_of_record
TN:
SF:src\components\BookingInfo\BookingInfo.jsx
FN:5,BookingInfo
FNF:1
FNH:1
FNDA:113,BookingInfo
DA:1,1
DA:3,1
DA:5,113
DA:6,113
DA:7,113
DA:8,113
DA:9,113
DA:10,113
DA:11,113
DA:12,113
DA:13,113
DA:14,113
DA:15,113
DA:16,113
DA:17,113
DA:18,113
DA:19,113
DA:20,113
DA:21,113
DA:22,113
DA:23,113
DA:24,113
DA:25,113
DA:26,113
DA:27,113
DA:28,113
DA:29,113
DA:30,113
DA:31,113
DA:32,113
DA:33,113
DA:34,113
DA:35,113
DA:36,113
DA:37,113
DA:38,113
DA:39,113
DA:40,113
DA:41,113
DA:42,113
DA:43,113
DA:44,113
DA:45,113
DA:46,113
DA:47,113
DA:48,113
DA:50,113
DA:52,1
LF:48
LH:48
BRDA:5,0,0,113
BRF:1
BRH:1
end_of_record
TN:
SF:src\components\ErrorMessage\ErrorMessage.jsx
FN:3,ErrorMessage
FNF:1
FNH:1
FNDA:5,ErrorMessage
DA:1,1
DA:3,5
DA:4,5
DA:5,5
DA:6,5
DA:7,5
DA:9,5
DA:11,1
LF:8
LH:8
BRDA:3,0,0,5
BRF:1
BRH:1
end_of_record
TN:
SF:src\components\Input\Input.jsx
FN:3,Input
FNF:1
FNH:1
FNDA:764,Input
DA:1,1
DA:3,764
DA:4,764
DA:5,764
DA:6,764
DA:7,764
DA:8,764
DA:9,764
DA:10,764
DA:11,764
DA:12,764
DA:13,764
DA:14,764
DA:15,764
DA:16,764
DA:17,764
DA:18,764
DA:19,764
DA:20,764
DA:21,764
DA:22,764
DA:23,764
DA:24,764
DA:25,764
DA:26,764
DA:28,764
DA:30,1
LF:27
LH:27
BRDA:3,0,0,764
BRDA:18,1,0,651
BRDA:18,2,0,113
BRDA:22,3,0,16
BRDA:22,4,0,748
BRF:5
BRH:5
end_of_record
TN:
SF:src\components\Navigation\Navigation.jsx
FN:6,Navigation
FN:13,onClick
FN:15,onClick
FN:17,onClick
FNF:4
FNH:1
FNDA:115,Navigation
FNDA:0,onClick
FNDA:0,onClick
FNDA:0,onClick
DA:1,1
DA:2,1
DA:3,1
DA:4,1
DA:6,115
DA:7,115
DA:8,115
DA:10,115
DA:11,115
DA:12,115
DA:13,115
DA:14,115
DA:15,115
DA:16,115
DA:17,115
DA:18,115
DA:20,115
DA:22,1
LF:18
LH:18
BRDA:6,0,0,115
BRDA:11,1,0,0
BRDA:14,2,0,0
BRDA:16,3,0,0
BRF:4
BRH:1
end_of_record
TN:
SF:src\components\Shoes\Shoes.jsx
FN:6,Shoes
FN:21,onClick
FN:41,onClick
FNF:3
FNH:3
FNDA:114,Shoes
FNDA:1,onClick
FNDA:38,onClick
DA:1,1
DA:2,1
DA:4,1
DA:6,114
DA:7,114
DA:8,296
DA:9,296
DA:10,296
DA:11,296
DA:12,296
DA:13,296
DA:14,296
DA:15,296
DA:16,296
DA:17,296
DA:18,296
DA:19,296
DA:20,296
DA:21,296
DA:22,1
DA:23,1
DA:24,296
DA:26,296
DA:27,296
DA:30,296
DA:31,114
DA:33,114
DA:34,114
DA:35,114
DA:36,114
DA:37,114
DA:38,114
DA:39,114
DA:40,114
DA:41,114
DA:42,38
DA:43,38
DA:44,114
DA:46,114
DA:47,114
DA:49,114
DA:51,1
LF:42
LH:42
BRDA:6,0,0,114
BRDA:7,1,0,296
BRDA:21,2,0,1
BRDA:41,3,0,38
BRF:4
BRH:4
end_of_record
TN:
SF:src\components\Top\Top.jsx
FN:4,Top
FNF:1
FNH:1
FNDA:115,Top
DA:1,1
DA:2,1
DA:4,115
DA:5,115
DA:6,115
DA:7,115
DA:8,115
DA:9,115
DA:11,115
DA:13,1
LF:10
LH:10
BRDA:4,0,0,115
BRF:1
BRH:1
end_of_record
TN:
SF:src\views\Booking.jsx
FN:11,Booking
FN:22,updateBookingDetails
FN:32,updateSize
FN:45,addShoe
FN:51,removeShoe
FN:57,isShoeSizesFilled
FN:65,checkPlayersAndLanes
FN:74,sendBooking
FN:90,comparePeopleAndShoes
FN:94,saveConfirmation
FN:102,book
FNF:11
FNH:10
FNDA:110,Booking
FNDA:35,updateBookingDetails
FNDA:28,updateSize
FNDA:31,addShoe
FNDA:0,removeShoe
FNDA:7,isShoeSizesFilled
FNDA:5,checkPlayersAndLanes
FNDA:4,sendBooking
FNDA:8,comparePeopleAndShoes
FNDA:4,saveConfirmation
FNDA:9,book
DA:1,1
DA:2,1
DA:3,1
DA:5,1
DA:6,1
DA:7,1
DA:8,1
DA:9,1
DA:11,110
DA:12,110
DA:13,110
DA:14,110
DA:15,110
DA:16,110
DA:17,110
DA:18,110
DA:19,110
DA:20,110
DA:22,110
DA:23,35
DA:24,35
DA:26,35
DA:27,35
DA:28,35
DA:29,35
DA:30,35
DA:32,110
DA:33,28
DA:34,28
DA:36,28
DA:37,28
DA:38,28
DA:39,104
DA:40,28
DA:41,28
DA:42,28
DA:43,28
DA:45,110
DA:46,31
DA:48,31
DA:49,31
DA:51,110
DA:52,0
DA:54,0
DA:55,0
DA:57,110
DA:58,7
DA:60,7
DA:62,7
DA:63,7
DA:65,110
DA:66,5
DA:67,5
DA:69,5
DA:71,1
DA:72,5
DA:74,110
DA:75,4
DA:76,4
DA:77,4
DA:78,4
DA:79,4
DA:80,4
DA:81,4
DA:82,4
DA:83,4
DA:84,4
DA:85,4
DA:87,4
DA:88,4
DA:90,110
DA:91,8
DA:92,8
DA:94,110
DA:95,4
DA:96,4
DA:98,4
DA:99,4
DA:100,4
DA:102,110
DA:103,9
DA:105,9
DA:106,1
DA:107,8
DA:108,1
DA:109,8
DA:110,2
DA:111,7
DA:112,1
DA:113,1
DA:116,9
DA:117,5
DA:118,5
DA:119,5
DA:121,4
DA:122,4
DA:123,4
DA:124,4
DA:125,4
DA:126,4
DA:128,4
DA:130,4
DA:132,4
DA:133,4
DA:135,4
DA:136,4
DA:137,4
DA:138,9
DA:140,110
DA:141,110
DA:142,110
DA:143,110
DA:144,110
DA:145,110
DA:146,110
DA:147,110
DA:148,110
DA:149,110
DA:150,110
DA:151,110
DA:153,110
DA:154,110
DA:155,110
DA:157,110
DA:159,1
LF:125
LH:122
BRDA:11,0,0,110
BRDA:154,1,0,5
BRDA:154,2,0,105
BRDA:22,3,0,35
BRDA:26,4,0,35
BRDA:32,5,0,28
BRDA:36,6,0,0
BRDA:37,7,0,28
BRDA:38,8,0,104
BRDA:39,9,0,28
BRDA:39,10,0,76
BRDA:45,11,0,31
BRDA:57,12,0,7
BRDA:60,13,0,23
BRDA:60,14,0,21
BRDA:60,15,0,2
BRDA:65,16,0,5
BRDA:69,17,0,4
BRDA:69,18,0,1
BRDA:74,19,0,4
BRDA:90,20,0,8
BRDA:94,21,0,4
BRDA:95,22,0,4
BRDA:102,23,0,9
BRDA:105,24,0,8
BRDA:105,25,0,8
BRDA:105,26,0,8
BRDA:105,27,0,8
BRDA:105,28,0,1
BRDA:107,29,0,1
BRDA:109,30,0,7
BRDA:109,31,0,2
BRDA:111,32,0,5
BRDA:111,33,0,1
BRDA:116,34,0,5
BRDA:119,35,0,4
BRDA:125,36,0,12
BRF:37
BRH:36
end_of_record
TN:
SF:src\views\Confirmation.jsx
FN:8,Confirmation
FNF:1
FNH:1
FNDA:5,Confirmation
DA:1,1
DA:2,1
DA:4,1
DA:5,1
DA:6,1
DA:8,5
DA:9,5
DA:11,5
DA:12,5
DA:13,2
DA:15,5
DA:16,5
DA:17,5
DA:18,5
DA:19,5
DA:20,4
DA:21,4
DA:22,4
DA:23,4
DA:24,4
DA:25,4
DA:26,4
DA:27,4
DA:28,4
DA:29,4
DA:30,4
DA:31,4
DA:32,4
DA:33,4
DA:34,4
DA:35,4
DA:36,4
DA:37,4
DA:38,4
DA:39,4
DA:40,4
DA:41,4
DA:42,4
DA:43,4
DA:44,4
DA:45,4
DA:46,4
DA:47,4
DA:48,4
DA:49,4
DA:50,4
DA:51,4
DA:52,4
DA:53,4
DA:54,4
DA:55,4
DA:56,4
DA:57,4
DA:59,4
DA:60,4
DA:62,1
DA:64,5
DA:66,5
DA:68,1
LF:59
LH:59
BRDA:8,0,0,5
BRDA:12,1,0,3
BRDA:12,2,0,2
BRDA:19,3,0,2
BRDA:19,4,0,4
BRDA:60,5,0,1
BRF:6
BRH:6
end_of_record
